# JRE version: Java(TM) SE Runtime Environment (8.0_351-b10) (build 1.8.0_351-b10)
# Java VM: Java HotSpot(TM) 64-Bit Server VM (25.351-b10 mixed mode bsd-amd64 compressed oops)
Heap:
 PSYoungGen      total 437760K, used 17916K [0x0000000795580000, 0x00000007b0d00000, 0x00000007c0000000)
  eden space 425472K, 3% used [0x0000000795580000,0x00000007966071c0,0x00000007af500000)
  from space 12288K, 8% used [0x00000007b0100000,0x00000007b01f8000,0x00000007b0d00000)
  to   space 12288K, 0% used [0x00000007af500000,0x00000007af500000,0x00000007b0100000)
 ParOldGen       total 87552K, used 13411K [0x0000000740000000, 0x0000000745580000, 0x0000000795580000)
  object space 87552K, 15% used [0x0000000740000000,0x0000000740d18ec0,0x0000000745580000)
 Metaspace       used 17698K, capacity 18468K, committed 18688K, reserved 1064960K
  class space    used 2551K, capacity 2785K, committed 2816K, reserved 1048576K
GC Heap History (10 events):
Event: 12.130 GC heap before
{Heap before GC invocations=6 (full 0):
 PSYoungGen      total 71680K, used 71656K [0x0000000795580000, 0x000000079ee80000, 0x00000007c0000000)
  eden space 66560K, 100% used [0x0000000795580000,0x0000000799680000,0x0000000799680000)
  from space 5120K, 99% used [0x0000000799680000,0x0000000799b7a190,0x0000000799b80000)
  to   space 11776K, 0% used [0x000000079e300000,0x000000079e300000,0x000000079ee80000)
 ParOldGen       total 87552K, used 7667K [0x0000000740000000, 0x0000000745580000, 0x0000000795580000)
  object space 87552K, 8% used [0x0000000740000000,0x000000074077cf50,0x0000000745580000)
 Metaspace       used 17694K, capacity 18468K, committed 18688K, reserved 1064960K
  class space    used 2550K, capacity 2785K, committed 2816K, reserved 1048576K
Event: 12.135 GC heap after
Heap after GC invocations=6 (full 0):
 PSYoungGen      total 143872K, used 5304K [0x0000000795580000, 0x000000079ed80000, 0x00000007c0000000)
  eden space 133120K, 0% used [0x0000000795580000,0x0000000795580000,0x000000079d780000)
  from space 10752K, 49% used [0x000000079e300000,0x000000079e82e1a0,0x000000079ed80000)
  to   space 11264K, 0% used [0x000000079d780000,0x000000079d780000,0x000000079e280000)
 ParOldGen       total 87552K, used 7675K [0x0000000740000000, 0x0000000745580000, 0x0000000795580000)
  object space 87552K, 8% used [0x0000000740000000,0x000000074077ef50,0x0000000745580000)
 Metaspace       used 17694K, capacity 18468K, committed 18688K, reserved 1064960K
  class space    used 2550K, capacity 2785K, committed 2816K, reserved 1048576K
}
Event: 12.394 GC heap before
{Heap before GC invocations=7 (full 0):
 PSYoungGen      total 143872K, used 138424K [0x0000000795580000, 0x000000079ed80000, 0x00000007c0000000)
  eden space 133120K, 100% used [0x0000000795580000,0x000000079d780000,0x000000079d780000)
  from space 10752K, 49% used [0x000000079e300000,0x000000079e82e1a0,0x000000079ed80000)
  to   space 11264K, 0% used [0x000000079d780000,0x000000079d780000,0x000000079e280000)
 ParOldGen       total 87552K, used 7675K [0x0000000740000000, 0x0000000745580000, 0x0000000795580000)
  object space 87552K, 8% used [0x0000000740000000,0x000000074077ef50,0x0000000745580000)
 Metaspace       used 17697K, capacity 18468K, committed 18688K, reserved 1064960K
  class space    used 2550K, capacity 2785K, committed 2816K, reserved 1048576K
Event: 12.401 GC heap after
Heap after GC invocations=7 (full 0):
 PSYoungGen      total 144384K, used 544K [0x0000000795580000, 0x00000007a7080000, 0x00000007c0000000)
  eden space 133120K, 0% used [0x0000000795580000,0x0000000795580000,0x000000079d780000)
  from space 11264K, 4% used [0x000000079d780000,0x000000079d808000,0x000000079e280000)
  to   space 11776K, 0% used [0x00000007a6500000,0x00000007a6500000,0x00000007a7080000)
 ParOldGen       total 87552K, used 12699K [0x0000000740000000, 0x0000000745580000, 0x0000000795580000)
  object space 87552K, 14% used [0x0000000740000000,0x0000000740c66ec0,0x0000000745580000)
 Metaspace       used 17697K, capacity 18468K, committed 18688K, reserved 1064960K
  class space    used 2550K, capacity 2785K, committed 2816K, reserved 1048576K
}
Event: 12.636 GC heap before
{Heap before GC invocations=8 (full 0):
 PSYoungGen      total 144384K, used 133664K [0x0000000795580000, 0x00000007a7080000, 0x00000007c0000000)
  eden space 133120K, 100% used [0x0000000795580000,0x000000079d780000,0x000000079d780000)
  from space 11264K, 4% used [0x000000079d780000,0x000000079d808000,0x000000079e280000)
  to   space 11776K, 0% used [0x00000007a6500000,0x00000007a6500000,0x00000007a7080000)
 ParOldGen       total 87552K, used 12699K [0x0000000740000000, 0x0000000745580000, 0x0000000795580000)
  object space 87552K, 14% used [0x0000000740000000,0x0000000740c66ec0,0x0000000745580000)
 Metaspace       used 17697K, capacity 18468K, committed 18688K, reserved 1064960K
  class space    used 2550K, capacity 2785K, committed 2816K, reserved 1048576K
Event: 12.642 GC heap after
Heap after GC invocations=8 (full 0):
 PSYoungGen      total 277504K, used 736K [0x0000000795580000, 0x00000007a7180000, 0x00000007c0000000)
  eden space 265728K, 0% used [0x0000000795580000,0x0000000795580000,0x00000007a5900000)
  from space 11776K, 6% used [0x00000007a6500000,0x00000007a65b8000,0x00000007a7080000)
  to   space 12288K, 0% used [0x00000007a5900000,0x00000007a5900000,0x00000007a6500000)
 ParOldGen       total 87552K, used 12771K [0x0000000740000000, 0x0000000745580000, 0x0000000795580000)
  object space 87552K, 14% used [0x0000000740000000,0x0000000740c78ec0,0x0000000745580000)
 Metaspace       used 17697K, capacity 18468K, committed 18688K, reserved 1064960K
  class space    used 2550K, capacity 2785K, committed 2816K, reserved 1048576K
}
Event: 13.085 GC heap before
{Heap before GC invocations=9 (full 0):
 PSYoungGen      total 277504K, used 266464K [0x0000000795580000, 0x00000007a7180000, 0x00000007c0000000)
  eden space 265728K, 100% used [0x0000000795580000,0x00000007a5900000,0x00000007a5900000)
  from space 11776K, 6% used [0x00000007a6500000,0x00000007a65b8000,0x00000007a7080000)
  to   space 12288K, 0% used [0x00000007a5900000,0x00000007a5900000,0x00000007a6500000)
 ParOldGen       total 87552K, used 12771K [0x0000000740000000, 0x0000000745580000, 0x0000000795580000)
  object space 87552K, 14% used [0x0000000740000000,0x0000000740c78ec0,0x0000000745580000)
 Metaspace       used 17698K, capacity 18468K, committed 18688K, reserved 1064960K
  class space    used 2551K, capacity 2785K, committed 2816K, reserved 1048576K
Event: 13.094 GC heap after
Heap after GC invocations=9 (full 0):
 PSYoungGen      total 278016K, used 992K [0x0000000795580000, 0x00000007b0d00000, 0x00000007c0000000)
  eden space 265728K, 0% used [0x0000000795580000,0x0000000795580000,0x00000007a5900000)
  from space 12288K, 8% used [0x00000007a5900000,0x00000007a59f8000,0x00000007a6500000)
  to   space 12288K, 0% used [0x00000007b0100000,0x00000007b0100000,0x00000007b0d00000)
 ParOldGen       total 87552K, used 12955K [0x0000000740000000, 0x0000000745580000, 0x0000000795580000)
  object space 87552K, 14% used [0x0000000740000000,0x0000000740ca6ec0,0x0000000745580000)
 Metaspace       used 17698K, capacity 18468K, committed 18688K, reserved 1064960K
  class space    used 2551K, capacity 2785K, committed 2816K, reserved 1048576K
}
Event: 13.485 GC heap before
{Heap before GC invocations=10 (full 0):
 PSYoungGen      total 278016K, used 266720K [0x0000000795580000, 0x00000007b0d00000, 0x00000007c0000000)
  eden space 265728K, 100% used [0x0000000795580000,0x00000007a5900000,0x00000007a5900000)
  from space 12288K, 8% used [0x00000007a5900000,0x00000007a59f8000,0x00000007a6500000)
  to   space 12288K, 0% used [0x00000007b0100000,0x00000007b0100000,0x00000007b0d00000)
 ParOldGen       total 87552K, used 12955K [0x0000000740000000, 0x0000000745580000, 0x0000000795580000)
  object space 87552K, 14% used [0x0000000740000000,0x0000000740ca6ec0,0x0000000745580000)
 Metaspace       used 17698K, capacity 18468K, committed 18688K, reserved 1064960K
  class space    used 2551K, capacity 2785K, committed 2816K, reserved 1048576K
Event: 13.495 GC heap after
Heap after GC invocations=10 (full 0):
 PSYoungGen      total 437760K, used 992K [0x0000000795580000, 0x00000007b0d00000, 0x00000007c0000000)
  eden space 425472K, 0% used [0x0000000795580000,0x0000000795580000,0x00000007af500000)
  from space 12288K, 8% used [0x00000007b0100000,0x00000007b01f8000,0x00000007b0d00000)
  to   space 12288K, 0% used [0x00000007af500000,0x00000007af500000,0x00000007b0100000)
 ParOldGen       total 87552K, used 13411K [0x0000000740000000, 0x0000000745580000, 0x0000000795580000)
  object space 87552K, 15% used [0x0000000740000000,0x0000000740d18ec0,0x0000000745580000)
 Metaspace       used 17698K, capacity 18468K, committed 18688K, reserved 1064960K
  class space    used 2551K, capacity 2785K, committed 2816K, reserved 1048576K
}

